<?xml version="1.0" encoding="UTF-8"?>
<testsuite xmlns:xsi="http://www.w3.org/2001/XMLSchema-instance" xsi:noNamespaceSchemaLocation="https://maven.apache.org/surefire/maven-surefire-plugin/xsd/surefire-test-report-3.0.xsd" version="3.0" name="com.example.project1.repository.OrderRepositoryTest" time="6.65" tests="3" errors="0" skipped="0" failures="0">
  <properties>
    <property name="java.specification.version" value="20"/>
    <property name="sun.jnu.encoding" value="UTF-8"/>
    <property name="java.class.path" value="/Users/alperkizilhan/Documents/project1/target/test-classes:/Users/alperkizilhan/Documents/project1/target/classes:/Users/alperkizilhan/.m2/repository/org/springframework/boot/spring-boot-starter/3.1.2/spring-boot-starter-3.1.2.jar:/Users/alperkizilhan/.m2/repository/org/springframework/boot/spring-boot/3.1.2/spring-boot-3.1.2.jar:/Users/alperkizilhan/.m2/repository/org/springframework/boot/spring-boot-autoconfigure/3.1.2/spring-boot-autoconfigure-3.1.2.jar:/Users/alperkizilhan/.m2/repository/org/springframework/boot/spring-boot-starter-logging/3.1.2/spring-boot-starter-logging-3.1.2.jar:/Users/alperkizilhan/.m2/repository/ch/qos/logback/logback-classic/1.4.8/logback-classic-1.4.8.jar:/Users/alperkizilhan/.m2/repository/ch/qos/logback/logback-core/1.4.8/logback-core-1.4.8.jar:/Users/alperkizilhan/.m2/repository/org/apache/logging/log4j/log4j-to-slf4j/2.20.0/log4j-to-slf4j-2.20.0.jar:/Users/alperkizilhan/.m2/repository/org/apache/logging/log4j/log4j-api/2.20.0/log4j-api-2.20.0.jar:/Users/alperkizilhan/.m2/repository/org/slf4j/jul-to-slf4j/2.0.7/jul-to-slf4j-2.0.7.jar:/Users/alperkizilhan/.m2/repository/jakarta/annotation/jakarta.annotation-api/2.1.1/jakarta.annotation-api-2.1.1.jar:/Users/alperkizilhan/.m2/repository/org/springframework/spring-core/6.0.11/spring-core-6.0.11.jar:/Users/alperkizilhan/.m2/repository/org/springframework/spring-jcl/6.0.11/spring-jcl-6.0.11.jar:/Users/alperkizilhan/.m2/repository/org/yaml/snakeyaml/1.33/snakeyaml-1.33.jar:/Users/alperkizilhan/.m2/repository/org/springframework/boot/spring-boot-starter-data-jpa/3.1.2/spring-boot-starter-data-jpa-3.1.2.jar:/Users/alperkizilhan/.m2/repository/org/springframework/boot/spring-boot-starter-aop/3.1.2/spring-boot-starter-aop-3.1.2.jar:/Users/alperkizilhan/.m2/repository/org/springframework/spring-aop/6.0.11/spring-aop-6.0.11.jar:/Users/alperkizilhan/.m2/repository/org/aspectj/aspectjweaver/1.9.19/aspectjweaver-1.9.19.jar:/Users/alperkizilhan/.m2/repository/org/springframework/boot/spring-boot-starter-jdbc/3.1.2/spring-boot-starter-jdbc-3.1.2.jar:/Users/alperkizilhan/.m2/repository/com/zaxxer/HikariCP/5.0.1/HikariCP-5.0.1.jar:/Users/alperkizilhan/.m2/repository/org/springframework/spring-jdbc/6.0.11/spring-jdbc-6.0.11.jar:/Users/alperkizilhan/.m2/repository/org/hibernate/orm/hibernate-core/6.2.6.Final/hibernate-core-6.2.6.Final.jar:/Users/alperkizilhan/.m2/repository/jakarta/persistence/jakarta.persistence-api/3.1.0/jakarta.persistence-api-3.1.0.jar:/Users/alperkizilhan/.m2/repository/jakarta/transaction/jakarta.transaction-api/2.0.1/jakarta.transaction-api-2.0.1.jar:/Users/alperkizilhan/.m2/repository/org/jboss/logging/jboss-logging/3.5.3.Final/jboss-logging-3.5.3.Final.jar:/Users/alperkizilhan/.m2/repository/org/hibernate/common/hibernate-commons-annotations/6.0.6.Final/hibernate-commons-annotations-6.0.6.Final.jar:/Users/alperkizilhan/.m2/repository/io/smallrye/jandex/3.0.5/jandex-3.0.5.jar:/Users/alperkizilhan/.m2/repository/com/fasterxml/classmate/1.5.1/classmate-1.5.1.jar:/Users/alperkizilhan/.m2/repository/org/glassfish/jaxb/jaxb-runtime/4.0.3/jaxb-runtime-4.0.3.jar:/Users/alperkizilhan/.m2/repository/org/glassfish/jaxb/jaxb-core/4.0.3/jaxb-core-4.0.3.jar:/Users/alperkizilhan/.m2/repository/org/eclipse/angus/angus-activation/2.0.1/angus-activation-2.0.1.jar:/Users/alperkizilhan/.m2/repository/org/glassfish/jaxb/txw2/4.0.3/txw2-4.0.3.jar:/Users/alperkizilhan/.m2/repository/com/sun/istack/istack-commons-runtime/4.1.2/istack-commons-runtime-4.1.2.jar:/Users/alperkizilhan/.m2/repository/jakarta/inject/jakarta.inject-api/2.0.1/jakarta.inject-api-2.0.1.jar:/Users/alperkizilhan/.m2/repository/org/antlr/antlr4-runtime/4.10.1/antlr4-runtime-4.10.1.jar:/Users/alperkizilhan/.m2/repository/org/springframework/data/spring-data-jpa/3.1.2/spring-data-jpa-3.1.2.jar:/Users/alperkizilhan/.m2/repository/org/springframework/data/spring-data-commons/3.1.2/spring-data-commons-3.1.2.jar:/Users/alperkizilhan/.m2/repository/org/springframework/spring-orm/6.0.11/spring-orm-6.0.11.jar:/Users/alperkizilhan/.m2/repository/org/springframework/spring-beans/6.0.11/spring-beans-6.0.11.jar:/Users/alperkizilhan/.m2/repository/org/springframework/spring-aspects/6.0.11/spring-aspects-6.0.11.jar:/Users/alperkizilhan/.m2/repository/com/h2database/h2/2.1.214/h2-2.1.214.jar:/Users/alperkizilhan/.m2/repository/org/springframework/boot/spring-boot-starter-test/3.1.2/spring-boot-starter-test-3.1.2.jar:/Users/alperkizilhan/.m2/repository/org/springframework/boot/spring-boot-test/3.1.2/spring-boot-test-3.1.2.jar:/Users/alperkizilhan/.m2/repository/org/springframework/boot/spring-boot-test-autoconfigure/3.1.2/spring-boot-test-autoconfigure-3.1.2.jar:/Users/alperkizilhan/.m2/repository/jakarta/xml/bind/jakarta.xml.bind-api/4.0.0/jakarta.xml.bind-api-4.0.0.jar:/Users/alperkizilhan/.m2/repository/jakarta/activation/jakarta.activation-api/2.1.2/jakarta.activation-api-2.1.2.jar:/Users/alperkizilhan/.m2/repository/net/minidev/json-smart/2.4.11/json-smart-2.4.11.jar:/Users/alperkizilhan/.m2/repository/net/minidev/accessors-smart/2.4.11/accessors-smart-2.4.11.jar:/Users/alperkizilhan/.m2/repository/org/ow2/asm/asm/9.3/asm-9.3.jar:/Users/alperkizilhan/.m2/repository/org/hamcrest/hamcrest/2.2/hamcrest-2.2.jar:/Users/alperkizilhan/.m2/repository/org/skyscreamer/jsonassert/1.5.1/jsonassert-1.5.1.jar:/Users/alperkizilhan/.m2/repository/com/vaadin/external/google/android-json/0.0.20131108.vaadin1/android-json-0.0.20131108.vaadin1.jar:/Users/alperkizilhan/.m2/repository/org/springframework/spring-test/6.0.11/spring-test-6.0.11.jar:/Users/alperkizilhan/.m2/repository/org/xmlunit/xmlunit-core/2.9.1/xmlunit-core-2.9.1.jar:/Users/alperkizilhan/.m2/repository/org/springframework/boot/spring-boot-starter-web/3.1.2/spring-boot-starter-web-3.1.2.jar:/Users/alperkizilhan/.m2/repository/org/springframework/boot/spring-boot-starter-json/3.1.2/spring-boot-starter-json-3.1.2.jar:/Users/alperkizilhan/.m2/repository/com/fasterxml/jackson/datatype/jackson-datatype-jdk8/2.15.2/jackson-datatype-jdk8-2.15.2.jar:/Users/alperkizilhan/.m2/repository/com/fasterxml/jackson/module/jackson-module-parameter-names/2.15.2/jackson-module-parameter-names-2.15.2.jar:/Users/alperkizilhan/.m2/repository/org/springframework/boot/spring-boot-starter-tomcat/3.1.2/spring-boot-starter-tomcat-3.1.2.jar:/Users/alperkizilhan/.m2/repository/org/apache/tomcat/embed/tomcat-embed-core/10.1.11/tomcat-embed-core-10.1.11.jar:/Users/alperkizilhan/.m2/repository/org/apache/tomcat/embed/tomcat-embed-el/10.1.11/tomcat-embed-el-10.1.11.jar:/Users/alperkizilhan/.m2/repository/org/apache/tomcat/embed/tomcat-embed-websocket/10.1.11/tomcat-embed-websocket-10.1.11.jar:/Users/alperkizilhan/.m2/repository/org/springframework/spring-web/6.0.11/spring-web-6.0.11.jar:/Users/alperkizilhan/.m2/repository/org/springframework/spring-webmvc/6.0.11/spring-webmvc-6.0.11.jar:/Users/alperkizilhan/.m2/repository/org/springframework/spring-expression/6.0.11/spring-expression-6.0.11.jar:/Users/alperkizilhan/.m2/repository/com/fasterxml/jackson/datatype/jackson-datatype-jsr310/2.15.2/jackson-datatype-jsr310-2.15.2.jar:/Users/alperkizilhan/.m2/repository/com/fasterxml/jackson/core/jackson-annotations/2.15.2/jackson-annotations-2.15.2.jar:/Users/alperkizilhan/.m2/repository/com/fasterxml/jackson/core/jackson-core/2.15.2/jackson-core-2.15.2.jar:/Users/alperkizilhan/.m2/repository/com/fasterxml/jackson/core/jackson-databind/2.15.2/jackson-databind-2.15.2.jar:/Users/alperkizilhan/.m2/repository/org/springframework/kafka/spring-kafka/3.0.9/spring-kafka-3.0.9.jar:/Users/alperkizilhan/.m2/repository/org/springframework/spring-context/6.0.11/spring-context-6.0.11.jar:/Users/alperkizilhan/.m2/repository/org/springframework/spring-messaging/6.0.11/spring-messaging-6.0.11.jar:/Users/alperkizilhan/.m2/repository/org/springframework/spring-tx/6.0.11/spring-tx-6.0.11.jar:/Users/alperkizilhan/.m2/repository/org/springframework/retry/spring-retry/2.0.2/spring-retry-2.0.2.jar:/Users/alperkizilhan/.m2/repository/org/apache/kafka/kafka-clients/3.4.1/kafka-clients-3.4.1.jar:/Users/alperkizilhan/.m2/repository/com/github/luben/zstd-jni/1.5.2-1/zstd-jni-1.5.2-1.jar:/Users/alperkizilhan/.m2/repository/org/lz4/lz4-java/1.8.0/lz4-java-1.8.0.jar:/Users/alperkizilhan/.m2/repository/org/xerial/snappy/snappy-java/1.1.8.4/snappy-java-1.1.8.4.jar:/Users/alperkizilhan/.m2/repository/io/micrometer/micrometer-observation/1.11.2/micrometer-observation-1.11.2.jar:/Users/alperkizilhan/.m2/repository/io/micrometer/micrometer-commons/1.11.2/micrometer-commons-1.11.2.jar:/Users/alperkizilhan/.m2/repository/com/google/code/findbugs/jsr305/3.0.2/jsr305-3.0.2.jar:/Users/alperkizilhan/.m2/repository/org/springframework/kafka/spring-kafka-test/3.0.9/spring-kafka-test-3.0.9.jar:/Users/alperkizilhan/.m2/repository/org/apache/zookeeper/zookeeper/3.6.3/zookeeper-3.6.3.jar:/Users/alperkizilhan/.m2/repository/org/apache/zookeeper/zookeeper-jute/3.6.3/zookeeper-jute-3.6.3.jar:/Users/alperkizilhan/.m2/repository/org/apache/yetus/audience-annotations/0.5.0/audience-annotations-0.5.0.jar:/Users/alperkizilhan/.m2/repository/io/netty/netty-handler/4.1.94.Final/netty-handler-4.1.94.Final.jar:/Users/alperkizilhan/.m2/repository/io/netty/netty-common/4.1.94.Final/netty-common-4.1.94.Final.jar:/Users/alperkizilhan/.m2/repository/io/netty/netty-resolver/4.1.94.Final/netty-resolver-4.1.94.Final.jar:/Users/alperkizilhan/.m2/repository/io/netty/netty-buffer/4.1.94.Final/netty-buffer-4.1.94.Final.jar:/Users/alperkizilhan/.m2/repository/io/netty/netty-transport/4.1.94.Final/netty-transport-4.1.94.Final.jar:/Users/alperkizilhan/.m2/repository/io/netty/netty-transport-native-unix-common/4.1.94.Final/netty-transport-native-unix-common-4.1.94.Final.jar:/Users/alperkizilhan/.m2/repository/io/netty/netty-codec/4.1.94.Final/netty-codec-4.1.94.Final.jar:/Users/alperkizilhan/.m2/repository/io/netty/netty-transport-native-epoll/4.1.94.Final/netty-transport-native-epoll-4.1.94.Final.jar:/Users/alperkizilhan/.m2/repository/io/netty/netty-transport-classes-epoll/4.1.94.Final/netty-transport-classes-epoll-4.1.94.Final.jar:/Users/alperkizilhan/.m2/repository/org/apache/kafka/kafka-clients/3.4.1/kafka-clients-3.4.1-test.jar:/Users/alperkizilhan/.m2/repository/org/apache/kafka/kafka-metadata/3.4.1/kafka-metadata-3.4.1.jar:/Users/alperkizilhan/.m2/repository/org/apache/kafka/kafka-server-common/3.4.1/kafka-server-common-3.4.1.jar:/Users/alperkizilhan/.m2/repository/org/apache/kafka/kafka-raft/3.4.1/kafka-raft-3.4.1.jar:/Users/alperkizilhan/.m2/repository/com/yammer/metrics/metrics-core/2.2.0/metrics-core-2.2.0.jar:/Users/alperkizilhan/.m2/repository/org/apache/kafka/kafka-streams-test-utils/3.4.1/kafka-streams-test-utils-3.4.1.jar:/Users/alperkizilhan/.m2/repository/org/apache/kafka/kafka-streams/3.4.1/kafka-streams-3.4.1.jar:/Users/alperkizilhan/.m2/repository/org/rocksdb/rocksdbjni/7.1.2/rocksdbjni-7.1.2.jar:/Users/alperkizilhan/.m2/repository/org/apache/kafka/kafka_2.13/3.4.1/kafka_2.13-3.4.1.jar:/Users/alperkizilhan/.m2/repository/org/scala-lang/scala-library/2.13.10/scala-library-2.13.10.jar:/Users/alperkizilhan/.m2/repository/org/apache/kafka/kafka-group-coordinator/3.4.1/kafka-group-coordinator-3.4.1.jar:/Users/alperkizilhan/.m2/repository/org/apache/kafka/kafka-storage/3.4.1/kafka-storage-3.4.1.jar:/Users/alperkizilhan/.m2/repository/org/apache/kafka/kafka-storage-api/3.4.1/kafka-storage-api-3.4.1.jar:/Users/alperkizilhan/.m2/repository/net/sourceforge/argparse4j/argparse4j/0.7.0/argparse4j-0.7.0.jar:/Users/alperkizilhan/.m2/repository/com/fasterxml/jackson/module/jackson-module-scala_2.13/2.15.2/jackson-module-scala_2.13-2.15.2.jar:/Users/alperkizilhan/.m2/repository/com/thoughtworks/paranamer/paranamer/2.8/paranamer-2.8.jar:/Users/alperkizilhan/.m2/repository/com/fasterxml/jackson/dataformat/jackson-dataformat-csv/2.15.2/jackson-dataformat-csv-2.15.2.jar:/Users/alperkizilhan/.m2/repository/net/sf/jopt-simple/jopt-simple/5.0.4/jopt-simple-5.0.4.jar:/Users/alperkizilhan/.m2/repository/org/bitbucket/b_c/jose4j/0.9.3/jose4j-0.9.3.jar:/Users/alperkizilhan/.m2/repository/org/scala-lang/modules/scala-collection-compat_2.13/2.10.0/scala-collection-compat_2.13-2.10.0.jar:/Users/alperkizilhan/.m2/repository/org/scala-lang/modules/scala-java8-compat_2.13/1.0.2/scala-java8-compat_2.13-1.0.2.jar:/Users/alperkizilhan/.m2/repository/org/scala-lang/scala-reflect/2.13.10/scala-reflect-2.13.10.jar:/Users/alperkizilhan/.m2/repository/com/typesafe/scala-logging/scala-logging_2.13/3.9.4/scala-logging_2.13-3.9.4.jar:/Users/alperkizilhan/.m2/repository/io/dropwizard/metrics/metrics-core/4.2.19/metrics-core-4.2.19.jar:/Users/alperkizilhan/.m2/repository/commons-cli/commons-cli/1.4/commons-cli-1.4.jar:/Users/alperkizilhan/.m2/repository/org/apache/kafka/kafka_2.13/3.4.1/kafka_2.13-3.4.1-test.jar:/Users/alperkizilhan/.m2/repository/org/junit/platform/junit-platform-launcher/1.9.3/junit-platform-launcher-1.9.3.jar:/Users/alperkizilhan/.m2/repository/org/junit/platform/junit-platform-engine/1.9.3/junit-platform-engine-1.9.3.jar:/Users/alperkizilhan/.m2/repository/com/jayway/jsonpath/json-path/2.8.0/json-path-2.8.0.jar:/Users/alperkizilhan/.m2/repository/org/slf4j/slf4j-api/2.0.7/slf4j-api-2.0.7.jar:/Users/alperkizilhan/.m2/repository/org/assertj/assertj-core/3.24.2/assertj-core-3.24.2.jar:/Users/alperkizilhan/.m2/repository/net/bytebuddy/byte-buddy/1.14.5/byte-buddy-1.14.5.jar:/Users/alperkizilhan/.m2/repository/org/junit/jupiter/junit-jupiter/5.9.3/junit-jupiter-5.9.3.jar:/Users/alperkizilhan/.m2/repository/org/junit/jupiter/junit-jupiter-params/5.9.3/junit-jupiter-params-5.9.3.jar:/Users/alperkizilhan/.m2/repository/org/junit/jupiter/junit-jupiter-engine/5.9.3/junit-jupiter-engine-5.9.3.jar:/Users/alperkizilhan/.m2/repository/org/mockito/mockito-core/5.3.1/mockito-core-5.3.1.jar:/Users/alperkizilhan/.m2/repository/net/bytebuddy/byte-buddy-agent/1.14.5/byte-buddy-agent-1.14.5.jar:/Users/alperkizilhan/.m2/repository/org/objenesis/objenesis/3.3/objenesis-3.3.jar:/Users/alperkizilhan/.m2/repository/org/mockito/mockito-junit-jupiter/5.3.1/mockito-junit-jupiter-5.3.1.jar:/Users/alperkizilhan/.m2/repository/org/junit/jupiter/junit-jupiter-api/5.9.3/junit-jupiter-api-5.9.3.jar:/Users/alperkizilhan/.m2/repository/org/opentest4j/opentest4j/1.2.0/opentest4j-1.2.0.jar:/Users/alperkizilhan/.m2/repository/org/junit/platform/junit-platform-commons/1.9.3/junit-platform-commons-1.9.3.jar:/Users/alperkizilhan/.m2/repository/org/apiguardian/apiguardian-api/1.1.2/apiguardian-api-1.1.2.jar:/Users/alperkizilhan/.m2/repository/junit/junit/4.13.2/junit-4.13.2.jar:/Users/alperkizilhan/.m2/repository/org/hamcrest/hamcrest-core/2.2/hamcrest-core-2.2.jar:"/>
    <property name="java.vm.vendor" value="Homebrew"/>
    <property name="sun.arch.data.model" value="64"/>
    <property name="java.vendor.url" value="https://github.com/Homebrew/homebrew-core/issues"/>
    <property name="user.timezone" value="Europe/Istanbul"/>
    <property name="org.jboss.logging.provider" value="slf4j"/>
    <property name="os.name" value="Mac OS X"/>
    <property name="java.vm.specification.version" value="20"/>
    <property name="sun.java.launcher" value="SUN_STANDARD"/>
    <property name="user.country" value="TR"/>
    <property name="sun.boot.library.path" value="/usr/local/Cellar/openjdk/20.0.1/libexec/openjdk.jdk/Contents/Home/lib"/>
    <property name="sun.java.command" value="/Users/alperkizilhan/Documents/project1/target/surefire/surefirebooter-20230822114939357_3.jar /Users/alperkizilhan/Documents/project1/target/surefire 2023-08-22T11-49-39_243-jvmRun1 surefire-20230822114939357_1tmp surefire_0-20230822114939357_2tmp"/>
    <property name="jdk.debug" value="release"/>
    <property name="surefire.test.class.path" value="/Users/alperkizilhan/Documents/project1/target/test-classes:/Users/alperkizilhan/Documents/project1/target/classes:/Users/alperkizilhan/.m2/repository/org/springframework/boot/spring-boot-starter/3.1.2/spring-boot-starter-3.1.2.jar:/Users/alperkizilhan/.m2/repository/org/springframework/boot/spring-boot/3.1.2/spring-boot-3.1.2.jar:/Users/alperkizilhan/.m2/repository/org/springframework/boot/spring-boot-autoconfigure/3.1.2/spring-boot-autoconfigure-3.1.2.jar:/Users/alperkizilhan/.m2/repository/org/springframework/boot/spring-boot-starter-logging/3.1.2/spring-boot-starter-logging-3.1.2.jar:/Users/alperkizilhan/.m2/repository/ch/qos/logback/logback-classic/1.4.8/logback-classic-1.4.8.jar:/Users/alperkizilhan/.m2/repository/ch/qos/logback/logback-core/1.4.8/logback-core-1.4.8.jar:/Users/alperkizilhan/.m2/repository/org/apache/logging/log4j/log4j-to-slf4j/2.20.0/log4j-to-slf4j-2.20.0.jar:/Users/alperkizilhan/.m2/repository/org/apache/logging/log4j/log4j-api/2.20.0/log4j-api-2.20.0.jar:/Users/alperkizilhan/.m2/repository/org/slf4j/jul-to-slf4j/2.0.7/jul-to-slf4j-2.0.7.jar:/Users/alperkizilhan/.m2/repository/jakarta/annotation/jakarta.annotation-api/2.1.1/jakarta.annotation-api-2.1.1.jar:/Users/alperkizilhan/.m2/repository/org/springframework/spring-core/6.0.11/spring-core-6.0.11.jar:/Users/alperkizilhan/.m2/repository/org/springframework/spring-jcl/6.0.11/spring-jcl-6.0.11.jar:/Users/alperkizilhan/.m2/repository/org/yaml/snakeyaml/1.33/snakeyaml-1.33.jar:/Users/alperkizilhan/.m2/repository/org/springframework/boot/spring-boot-starter-data-jpa/3.1.2/spring-boot-starter-data-jpa-3.1.2.jar:/Users/alperkizilhan/.m2/repository/org/springframework/boot/spring-boot-starter-aop/3.1.2/spring-boot-starter-aop-3.1.2.jar:/Users/alperkizilhan/.m2/repository/org/springframework/spring-aop/6.0.11/spring-aop-6.0.11.jar:/Users/alperkizilhan/.m2/repository/org/aspectj/aspectjweaver/1.9.19/aspectjweaver-1.9.19.jar:/Users/alperkizilhan/.m2/repository/org/springframework/boot/spring-boot-starter-jdbc/3.1.2/spring-boot-starter-jdbc-3.1.2.jar:/Users/alperkizilhan/.m2/repository/com/zaxxer/HikariCP/5.0.1/HikariCP-5.0.1.jar:/Users/alperkizilhan/.m2/repository/org/springframework/spring-jdbc/6.0.11/spring-jdbc-6.0.11.jar:/Users/alperkizilhan/.m2/repository/org/hibernate/orm/hibernate-core/6.2.6.Final/hibernate-core-6.2.6.Final.jar:/Users/alperkizilhan/.m2/repository/jakarta/persistence/jakarta.persistence-api/3.1.0/jakarta.persistence-api-3.1.0.jar:/Users/alperkizilhan/.m2/repository/jakarta/transaction/jakarta.transaction-api/2.0.1/jakarta.transaction-api-2.0.1.jar:/Users/alperkizilhan/.m2/repository/org/jboss/logging/jboss-logging/3.5.3.Final/jboss-logging-3.5.3.Final.jar:/Users/alperkizilhan/.m2/repository/org/hibernate/common/hibernate-commons-annotations/6.0.6.Final/hibernate-commons-annotations-6.0.6.Final.jar:/Users/alperkizilhan/.m2/repository/io/smallrye/jandex/3.0.5/jandex-3.0.5.jar:/Users/alperkizilhan/.m2/repository/com/fasterxml/classmate/1.5.1/classmate-1.5.1.jar:/Users/alperkizilhan/.m2/repository/org/glassfish/jaxb/jaxb-runtime/4.0.3/jaxb-runtime-4.0.3.jar:/Users/alperkizilhan/.m2/repository/org/glassfish/jaxb/jaxb-core/4.0.3/jaxb-core-4.0.3.jar:/Users/alperkizilhan/.m2/repository/org/eclipse/angus/angus-activation/2.0.1/angus-activation-2.0.1.jar:/Users/alperkizilhan/.m2/repository/org/glassfish/jaxb/txw2/4.0.3/txw2-4.0.3.jar:/Users/alperkizilhan/.m2/repository/com/sun/istack/istack-commons-runtime/4.1.2/istack-commons-runtime-4.1.2.jar:/Users/alperkizilhan/.m2/repository/jakarta/inject/jakarta.inject-api/2.0.1/jakarta.inject-api-2.0.1.jar:/Users/alperkizilhan/.m2/repository/org/antlr/antlr4-runtime/4.10.1/antlr4-runtime-4.10.1.jar:/Users/alperkizilhan/.m2/repository/org/springframework/data/spring-data-jpa/3.1.2/spring-data-jpa-3.1.2.jar:/Users/alperkizilhan/.m2/repository/org/springframework/data/spring-data-commons/3.1.2/spring-data-commons-3.1.2.jar:/Users/alperkizilhan/.m2/repository/org/springframework/spring-orm/6.0.11/spring-orm-6.0.11.jar:/Users/alperkizilhan/.m2/repository/org/springframework/spring-beans/6.0.11/spring-beans-6.0.11.jar:/Users/alperkizilhan/.m2/repository/org/springframework/spring-aspects/6.0.11/spring-aspects-6.0.11.jar:/Users/alperkizilhan/.m2/repository/com/h2database/h2/2.1.214/h2-2.1.214.jar:/Users/alperkizilhan/.m2/repository/org/springframework/boot/spring-boot-starter-test/3.1.2/spring-boot-starter-test-3.1.2.jar:/Users/alperkizilhan/.m2/repository/org/springframework/boot/spring-boot-test/3.1.2/spring-boot-test-3.1.2.jar:/Users/alperkizilhan/.m2/repository/org/springframework/boot/spring-boot-test-autoconfigure/3.1.2/spring-boot-test-autoconfigure-3.1.2.jar:/Users/alperkizilhan/.m2/repository/jakarta/xml/bind/jakarta.xml.bind-api/4.0.0/jakarta.xml.bind-api-4.0.0.jar:/Users/alperkizilhan/.m2/repository/jakarta/activation/jakarta.activation-api/2.1.2/jakarta.activation-api-2.1.2.jar:/Users/alperkizilhan/.m2/repository/net/minidev/json-smart/2.4.11/json-smart-2.4.11.jar:/Users/alperkizilhan/.m2/repository/net/minidev/accessors-smart/2.4.11/accessors-smart-2.4.11.jar:/Users/alperkizilhan/.m2/repository/org/ow2/asm/asm/9.3/asm-9.3.jar:/Users/alperkizilhan/.m2/repository/org/hamcrest/hamcrest/2.2/hamcrest-2.2.jar:/Users/alperkizilhan/.m2/repository/org/skyscreamer/jsonassert/1.5.1/jsonassert-1.5.1.jar:/Users/alperkizilhan/.m2/repository/com/vaadin/external/google/android-json/0.0.20131108.vaadin1/android-json-0.0.20131108.vaadin1.jar:/Users/alperkizilhan/.m2/repository/org/springframework/spring-test/6.0.11/spring-test-6.0.11.jar:/Users/alperkizilhan/.m2/repository/org/xmlunit/xmlunit-core/2.9.1/xmlunit-core-2.9.1.jar:/Users/alperkizilhan/.m2/repository/org/springframework/boot/spring-boot-starter-web/3.1.2/spring-boot-starter-web-3.1.2.jar:/Users/alperkizilhan/.m2/repository/org/springframework/boot/spring-boot-starter-json/3.1.2/spring-boot-starter-json-3.1.2.jar:/Users/alperkizilhan/.m2/repository/com/fasterxml/jackson/datatype/jackson-datatype-jdk8/2.15.2/jackson-datatype-jdk8-2.15.2.jar:/Users/alperkizilhan/.m2/repository/com/fasterxml/jackson/module/jackson-module-parameter-names/2.15.2/jackson-module-parameter-names-2.15.2.jar:/Users/alperkizilhan/.m2/repository/org/springframework/boot/spring-boot-starter-tomcat/3.1.2/spring-boot-starter-tomcat-3.1.2.jar:/Users/alperkizilhan/.m2/repository/org/apache/tomcat/embed/tomcat-embed-core/10.1.11/tomcat-embed-core-10.1.11.jar:/Users/alperkizilhan/.m2/repository/org/apache/tomcat/embed/tomcat-embed-el/10.1.11/tomcat-embed-el-10.1.11.jar:/Users/alperkizilhan/.m2/repository/org/apache/tomcat/embed/tomcat-embed-websocket/10.1.11/tomcat-embed-websocket-10.1.11.jar:/Users/alperkizilhan/.m2/repository/org/springframework/spring-web/6.0.11/spring-web-6.0.11.jar:/Users/alperkizilhan/.m2/repository/org/springframework/spring-webmvc/6.0.11/spring-webmvc-6.0.11.jar:/Users/alperkizilhan/.m2/repository/org/springframework/spring-expression/6.0.11/spring-expression-6.0.11.jar:/Users/alperkizilhan/.m2/repository/com/fasterxml/jackson/datatype/jackson-datatype-jsr310/2.15.2/jackson-datatype-jsr310-2.15.2.jar:/Users/alperkizilhan/.m2/repository/com/fasterxml/jackson/core/jackson-annotations/2.15.2/jackson-annotations-2.15.2.jar:/Users/alperkizilhan/.m2/repository/com/fasterxml/jackson/core/jackson-core/2.15.2/jackson-core-2.15.2.jar:/Users/alperkizilhan/.m2/repository/com/fasterxml/jackson/core/jackson-databind/2.15.2/jackson-databind-2.15.2.jar:/Users/alperkizilhan/.m2/repository/org/springframework/kafka/spring-kafka/3.0.9/spring-kafka-3.0.9.jar:/Users/alperkizilhan/.m2/repository/org/springframework/spring-context/6.0.11/spring-context-6.0.11.jar:/Users/alperkizilhan/.m2/repository/org/springframework/spring-messaging/6.0.11/spring-messaging-6.0.11.jar:/Users/alperkizilhan/.m2/repository/org/springframework/spring-tx/6.0.11/spring-tx-6.0.11.jar:/Users/alperkizilhan/.m2/repository/org/springframework/retry/spring-retry/2.0.2/spring-retry-2.0.2.jar:/Users/alperkizilhan/.m2/repository/org/apache/kafka/kafka-clients/3.4.1/kafka-clients-3.4.1.jar:/Users/alperkizilhan/.m2/repository/com/github/luben/zstd-jni/1.5.2-1/zstd-jni-1.5.2-1.jar:/Users/alperkizilhan/.m2/repository/org/lz4/lz4-java/1.8.0/lz4-java-1.8.0.jar:/Users/alperkizilhan/.m2/repository/org/xerial/snappy/snappy-java/1.1.8.4/snappy-java-1.1.8.4.jar:/Users/alperkizilhan/.m2/repository/io/micrometer/micrometer-observation/1.11.2/micrometer-observation-1.11.2.jar:/Users/alperkizilhan/.m2/repository/io/micrometer/micrometer-commons/1.11.2/micrometer-commons-1.11.2.jar:/Users/alperkizilhan/.m2/repository/com/google/code/findbugs/jsr305/3.0.2/jsr305-3.0.2.jar:/Users/alperkizilhan/.m2/repository/org/springframework/kafka/spring-kafka-test/3.0.9/spring-kafka-test-3.0.9.jar:/Users/alperkizilhan/.m2/repository/org/apache/zookeeper/zookeeper/3.6.3/zookeeper-3.6.3.jar:/Users/alperkizilhan/.m2/repository/org/apache/zookeeper/zookeeper-jute/3.6.3/zookeeper-jute-3.6.3.jar:/Users/alperkizilhan/.m2/repository/org/apache/yetus/audience-annotations/0.5.0/audience-annotations-0.5.0.jar:/Users/alperkizilhan/.m2/repository/io/netty/netty-handler/4.1.94.Final/netty-handler-4.1.94.Final.jar:/Users/alperkizilhan/.m2/repository/io/netty/netty-common/4.1.94.Final/netty-common-4.1.94.Final.jar:/Users/alperkizilhan/.m2/repository/io/netty/netty-resolver/4.1.94.Final/netty-resolver-4.1.94.Final.jar:/Users/alperkizilhan/.m2/repository/io/netty/netty-buffer/4.1.94.Final/netty-buffer-4.1.94.Final.jar:/Users/alperkizilhan/.m2/repository/io/netty/netty-transport/4.1.94.Final/netty-transport-4.1.94.Final.jar:/Users/alperkizilhan/.m2/repository/io/netty/netty-transport-native-unix-common/4.1.94.Final/netty-transport-native-unix-common-4.1.94.Final.jar:/Users/alperkizilhan/.m2/repository/io/netty/netty-codec/4.1.94.Final/netty-codec-4.1.94.Final.jar:/Users/alperkizilhan/.m2/repository/io/netty/netty-transport-native-epoll/4.1.94.Final/netty-transport-native-epoll-4.1.94.Final.jar:/Users/alperkizilhan/.m2/repository/io/netty/netty-transport-classes-epoll/4.1.94.Final/netty-transport-classes-epoll-4.1.94.Final.jar:/Users/alperkizilhan/.m2/repository/org/apache/kafka/kafka-clients/3.4.1/kafka-clients-3.4.1-test.jar:/Users/alperkizilhan/.m2/repository/org/apache/kafka/kafka-metadata/3.4.1/kafka-metadata-3.4.1.jar:/Users/alperkizilhan/.m2/repository/org/apache/kafka/kafka-server-common/3.4.1/kafka-server-common-3.4.1.jar:/Users/alperkizilhan/.m2/repository/org/apache/kafka/kafka-raft/3.4.1/kafka-raft-3.4.1.jar:/Users/alperkizilhan/.m2/repository/com/yammer/metrics/metrics-core/2.2.0/metrics-core-2.2.0.jar:/Users/alperkizilhan/.m2/repository/org/apache/kafka/kafka-streams-test-utils/3.4.1/kafka-streams-test-utils-3.4.1.jar:/Users/alperkizilhan/.m2/repository/org/apache/kafka/kafka-streams/3.4.1/kafka-streams-3.4.1.jar:/Users/alperkizilhan/.m2/repository/org/rocksdb/rocksdbjni/7.1.2/rocksdbjni-7.1.2.jar:/Users/alperkizilhan/.m2/repository/org/apache/kafka/kafka_2.13/3.4.1/kafka_2.13-3.4.1.jar:/Users/alperkizilhan/.m2/repository/org/scala-lang/scala-library/2.13.10/scala-library-2.13.10.jar:/Users/alperkizilhan/.m2/repository/org/apache/kafka/kafka-group-coordinator/3.4.1/kafka-group-coordinator-3.4.1.jar:/Users/alperkizilhan/.m2/repository/org/apache/kafka/kafka-storage/3.4.1/kafka-storage-3.4.1.jar:/Users/alperkizilhan/.m2/repository/org/apache/kafka/kafka-storage-api/3.4.1/kafka-storage-api-3.4.1.jar:/Users/alperkizilhan/.m2/repository/net/sourceforge/argparse4j/argparse4j/0.7.0/argparse4j-0.7.0.jar:/Users/alperkizilhan/.m2/repository/com/fasterxml/jackson/module/jackson-module-scala_2.13/2.15.2/jackson-module-scala_2.13-2.15.2.jar:/Users/alperkizilhan/.m2/repository/com/thoughtworks/paranamer/paranamer/2.8/paranamer-2.8.jar:/Users/alperkizilhan/.m2/repository/com/fasterxml/jackson/dataformat/jackson-dataformat-csv/2.15.2/jackson-dataformat-csv-2.15.2.jar:/Users/alperkizilhan/.m2/repository/net/sf/jopt-simple/jopt-simple/5.0.4/jopt-simple-5.0.4.jar:/Users/alperkizilhan/.m2/repository/org/bitbucket/b_c/jose4j/0.9.3/jose4j-0.9.3.jar:/Users/alperkizilhan/.m2/repository/org/scala-lang/modules/scala-collection-compat_2.13/2.10.0/scala-collection-compat_2.13-2.10.0.jar:/Users/alperkizilhan/.m2/repository/org/scala-lang/modules/scala-java8-compat_2.13/1.0.2/scala-java8-compat_2.13-1.0.2.jar:/Users/alperkizilhan/.m2/repository/org/scala-lang/scala-reflect/2.13.10/scala-reflect-2.13.10.jar:/Users/alperkizilhan/.m2/repository/com/typesafe/scala-logging/scala-logging_2.13/3.9.4/scala-logging_2.13-3.9.4.jar:/Users/alperkizilhan/.m2/repository/io/dropwizard/metrics/metrics-core/4.2.19/metrics-core-4.2.19.jar:/Users/alperkizilhan/.m2/repository/commons-cli/commons-cli/1.4/commons-cli-1.4.jar:/Users/alperkizilhan/.m2/repository/org/apache/kafka/kafka_2.13/3.4.1/kafka_2.13-3.4.1-test.jar:/Users/alperkizilhan/.m2/repository/org/junit/platform/junit-platform-launcher/1.9.3/junit-platform-launcher-1.9.3.jar:/Users/alperkizilhan/.m2/repository/org/junit/platform/junit-platform-engine/1.9.3/junit-platform-engine-1.9.3.jar:/Users/alperkizilhan/.m2/repository/com/jayway/jsonpath/json-path/2.8.0/json-path-2.8.0.jar:/Users/alperkizilhan/.m2/repository/org/slf4j/slf4j-api/2.0.7/slf4j-api-2.0.7.jar:/Users/alperkizilhan/.m2/repository/org/assertj/assertj-core/3.24.2/assertj-core-3.24.2.jar:/Users/alperkizilhan/.m2/repository/net/bytebuddy/byte-buddy/1.14.5/byte-buddy-1.14.5.jar:/Users/alperkizilhan/.m2/repository/org/junit/jupiter/junit-jupiter/5.9.3/junit-jupiter-5.9.3.jar:/Users/alperkizilhan/.m2/repository/org/junit/jupiter/junit-jupiter-params/5.9.3/junit-jupiter-params-5.9.3.jar:/Users/alperkizilhan/.m2/repository/org/junit/jupiter/junit-jupiter-engine/5.9.3/junit-jupiter-engine-5.9.3.jar:/Users/alperkizilhan/.m2/repository/org/mockito/mockito-core/5.3.1/mockito-core-5.3.1.jar:/Users/alperkizilhan/.m2/repository/net/bytebuddy/byte-buddy-agent/1.14.5/byte-buddy-agent-1.14.5.jar:/Users/alperkizilhan/.m2/repository/org/objenesis/objenesis/3.3/objenesis-3.3.jar:/Users/alperkizilhan/.m2/repository/org/mockito/mockito-junit-jupiter/5.3.1/mockito-junit-jupiter-5.3.1.jar:/Users/alperkizilhan/.m2/repository/org/junit/jupiter/junit-jupiter-api/5.9.3/junit-jupiter-api-5.9.3.jar:/Users/alperkizilhan/.m2/repository/org/opentest4j/opentest4j/1.2.0/opentest4j-1.2.0.jar:/Users/alperkizilhan/.m2/repository/org/junit/platform/junit-platform-commons/1.9.3/junit-platform-commons-1.9.3.jar:/Users/alperkizilhan/.m2/repository/org/apiguardian/apiguardian-api/1.1.2/apiguardian-api-1.1.2.jar:/Users/alperkizilhan/.m2/repository/junit/junit/4.13.2/junit-4.13.2.jar:/Users/alperkizilhan/.m2/repository/org/hamcrest/hamcrest-core/2.2/hamcrest-core-2.2.jar:"/>
    <property name="sun.cpu.endian" value="little"/>
    <property name="user.home" value="/Users/alperkizilhan"/>
    <property name="user.language" value="tr"/>
    <property name="java.specification.vendor" value="Oracle Corporation"/>
    <property name="java.version.date" value="2023-04-18"/>
    <property name="java.home" value="/usr/local/Cellar/openjdk/20.0.1/libexec/openjdk.jdk/Contents/Home"/>
    <property name="file.separator" value="/"/>
    <property name="basedir" value="/Users/alperkizilhan/Documents/project1"/>
    <property name="java.vm.compressedOopsMode" value="Zero based"/>
    <property name="line.separator" value="&#10;"/>
    <property name="java.vm.specification.vendor" value="Oracle Corporation"/>
    <property name="java.specification.name" value="Java Platform API Specification"/>
    <property name="FILE_LOG_CHARSET" value="UTF-8"/>
    <property name="java.awt.headless" value="true"/>
    <property name="apple.awt.application.name" value="ForkedBooter"/>
    <property name="surefire.real.class.path" value="/Users/alperkizilhan/Documents/project1/target/surefire/surefirebooter-20230822114939357_3.jar"/>
    <property name="sun.management.compiler" value="HotSpot 64-Bit Tiered Compilers"/>
    <property name="java.runtime.version" value="20.0.1"/>
    <property name="user.name" value="alperkizilhan"/>
    <property name="stdout.encoding" value="UTF-8"/>
    <property name="path.separator" value=":"/>
    <property name="os.version" value="13.4.1"/>
    <property name="java.runtime.name" value="OpenJDK Runtime Environment"/>
    <property name="file.encoding" value="UTF-8"/>
    <property name="java.vm.name" value="OpenJDK 64-Bit Server VM"/>
    <property name="java.vendor.version" value="Homebrew"/>
    <property name="localRepository" value="/Users/alperkizilhan/.m2/repository"/>
    <property name="java.vendor.url.bug" value="https://github.com/Homebrew/homebrew-core/issues"/>
    <property name="java.io.tmpdir" value="/var/folders/pt/pdtpj79s54l3dp17669h3_n00000gn/T/"/>
    <property name="com.zaxxer.hikari.pool_number" value="1"/>
    <property name="java.version" value="20.0.1"/>
    <property name="user.dir" value="/Users/alperkizilhan/Documents/project1"/>
    <property name="os.arch" value="x86_64"/>
    <property name="java.vm.specification.name" value="Java Virtual Machine Specification"/>
    <property name="PID" value="51305"/>
    <property name="CONSOLE_LOG_CHARSET" value="UTF-8"/>
    <property name="native.encoding" value="UTF-8"/>
    <property name="java.library.path" value="/Users/alperkizilhan/Library/Java/Extensions:/Library/Java/Extensions:/Network/Library/Java/Extensions:/System/Library/Java/Extensions:/usr/lib/java:."/>
    <property name="java.vm.info" value="mixed mode, sharing"/>
    <property name="stderr.encoding" value="UTF-8"/>
    <property name="java.vendor" value="Homebrew"/>
    <property name="java.vm.version" value="20.0.1"/>
    <property name="sun.io.unicode.encoding" value="UnicodeBig"/>
    <property name="java.class.version" value="64.0"/>
  </properties>
  <testcase name="testFindAll" classname="com.example.project1.repository.OrderRepositoryTest" time="1.071">
    <system-out><![CDATA[11:49:40.294 [main] INFO org.springframework.test.context.support.AnnotationConfigContextLoaderUtils -- Could not detect default configuration classes for test class [com.example.project1.repository.OrderRepositoryTest]: OrderRepositoryTest does not declare any static, non-private, non-final, nested classes annotated with @Configuration.
11:49:40.425 [main] INFO org.springframework.boot.test.context.SpringBootTestContextBootstrapper -- Found @SpringBootConfiguration com.example.project1.Project1Application for test class com.example.project1.repository.OrderRepositoryTest

  .   ____          _            __ _ _
 /\\ / ___'_ __ _ _(_)_ __  __ _ \ \ \ \
( ( )\___ | '_ | '_| | '_ \/ _` | \ \ \ \
 \\/  ___)| |_)| | | | | || (_| |  ) ) ) )
  '  |____| .__|_| |_|_| |_\__, | / / / /
 =========|_|==============|___/=/_/_/_/
 :: Spring Boot ::                (v3.1.2)

2023-08-22T11:49:40.866+03:00  INFO 51305 --- [           main] c.e.p.repository.OrderRepositoryTest     : Starting OrderRepositoryTest using Java 20.0.1 with PID 51305 (started by alperkizilhan in /Users/alperkizilhan/Documents/project1)
2023-08-22T11:49:40.867+03:00  INFO 51305 --- [           main] c.e.p.repository.OrderRepositoryTest     : The following 1 profile is active: "test"
2023-08-22T11:49:41.353+03:00  INFO 51305 --- [           main] .s.d.r.c.RepositoryConfigurationDelegate : Bootstrapping Spring Data JPA repositories in DEFAULT mode.
2023-08-22T11:49:41.410+03:00  INFO 51305 --- [           main] .s.d.r.c.RepositoryConfigurationDelegate : Finished Spring Data repository scanning in 49 ms. Found 2 JPA repository interfaces.
2023-08-22T11:49:42.153+03:00  INFO 51305 --- [           main] o.hibernate.jpa.internal.util.LogHelper  : HHH000204: Processing PersistenceUnitInfo [name: default]
2023-08-22T11:49:42.226+03:00  INFO 51305 --- [           main] org.hibernate.Version                    : HHH000412: Hibernate ORM core version 6.2.6.Final
2023-08-22T11:49:42.228+03:00  INFO 51305 --- [           main] org.hibernate.cfg.Environment            : HHH000406: Using bytecode reflection optimizer
2023-08-22T11:49:42.400+03:00  INFO 51305 --- [           main] o.h.b.i.BytecodeProviderInitiator        : HHH000021: Bytecode provider name : bytebuddy
2023-08-22T11:49:42.572+03:00  INFO 51305 --- [           main] o.s.o.j.p.SpringPersistenceUnitInfo      : No LoadTimeWeaver setup: ignoring JPA class transformer
2023-08-22T11:49:42.591+03:00  INFO 51305 --- [           main] com.zaxxer.hikari.HikariDataSource       : HikariPool-1 - Starting...
2023-08-22T11:49:42.841+03:00  INFO 51305 --- [           main] com.zaxxer.hikari.pool.HikariPool        : HikariPool-1 - Added connection conn0: url=jdbc:h2:mem:db user=SA
2023-08-22T11:49:42.842+03:00  INFO 51305 --- [           main] com.zaxxer.hikari.HikariDataSource       : HikariPool-1 - Start completed.
2023-08-22T11:49:43.113+03:00  INFO 51305 --- [           main] o.h.b.i.BytecodeProviderInitiator        : HHH000021: Bytecode provider name : bytebuddy
2023-08-22T11:49:43.788+03:00  INFO 51305 --- [           main] o.h.e.t.j.p.i.JtaPlatformInitiator       : HHH000490: Using JtaPlatform implementation: [org.hibernate.engine.transaction.jta.platform.internal.NoJtaPlatform]
Hibernate: 
    create table order (
        id bigint not null,
        created_at timestamp(6),
        last_updated_at timestamp(6),
        amount float(53),
        status tinyint check (status between 0 and 3),
        user_id bigint not null,
        primary key (id)
    )
Hibernate: 
    create table user (
        id bigint not null,
        created_at timestamp(6),
        last_updated_at timestamp(6),
        email varchar(255),
        user_name varchar(255),
        primary key (id)
    )
Hibernate: 
    create sequence order_seq start with 1 increment by 50
Hibernate: 
    create sequence user_seq start with 1 increment by 50
2023-08-22T11:49:43.827+03:00  INFO 51305 --- [           main] j.LocalContainerEntityManagerFactoryBean : Initialized JPA EntityManagerFactory for persistence unit 'default'
2023-08-22T11:49:44.390+03:00  WARN 51305 --- [           main] JpaBaseConfiguration$JpaWebConfiguration : spring.jpa.open-in-view is enabled by default. Therefore, database queries may be performed during view rendering. Explicitly configure spring.jpa.open-in-view to disable this warning
2023-08-22T11:49:44.765+03:00  INFO 51305 --- [           main] o.s.b.a.h2.H2ConsoleAutoConfiguration    : H2 console available at '/h2-console'. Database available at 'jdbc:h2:mem:db'
2023-08-22T11:49:45.063+03:00  INFO 51305 --- [           main] o.a.k.clients.consumer.ConsumerConfig    : ConsumerConfig values: 
	allow.auto.create.topics = true
	auto.commit.interval.ms = 5000
	auto.include.jmx.reporter = true
	auto.offset.reset = latest
	bootstrap.servers = [localhost:9092]
	check.crcs = true
	client.dns.lookup = use_all_dns_ips
	client.id = consumer-groupId-1
	client.rack = 
	connections.max.idle.ms = 540000
	default.api.timeout.ms = 60000
	enable.auto.commit = false
	exclude.internal.topics = true
	fetch.max.bytes = 52428800
	fetch.max.wait.ms = 500
	fetch.min.bytes = 1
	group.id = groupId
	group.instance.id = null
	heartbeat.interval.ms = 3000
	interceptor.classes = []
	internal.leave.group.on.close = true
	internal.throw.on.fetch.stable.offset.unsupported = false
	isolation.level = read_uncommitted
	key.deserializer = class org.apache.kafka.common.serialization.StringDeserializer
	max.partition.fetch.bytes = 1048576
	max.poll.interval.ms = 300000
	max.poll.records = 500
	metadata.max.age.ms = 300000
	metric.reporters = []
	metrics.num.samples = 2
	metrics.recording.level = INFO
	metrics.sample.window.ms = 30000
	partition.assignment.strategy = [class org.apache.kafka.clients.consumer.RangeAssignor, class org.apache.kafka.clients.consumer.CooperativeStickyAssignor]
	receive.buffer.bytes = 65536
	reconnect.backoff.max.ms = 1000
	reconnect.backoff.ms = 50
	request.timeout.ms = 30000
	retry.backoff.ms = 100
	sasl.client.callback.handler.class = null
	sasl.jaas.config = null
	sasl.kerberos.kinit.cmd = /usr/bin/kinit
	sasl.kerberos.min.time.before.relogin = 60000
	sasl.kerberos.service.name = null
	sasl.kerberos.ticket.renew.jitter = 0.05
	sasl.kerberos.ticket.renew.window.factor = 0.8
	sasl.login.callback.handler.class = null
	sasl.login.class = null
	sasl.login.connect.timeout.ms = null
	sasl.login.read.timeout.ms = null
	sasl.login.refresh.buffer.seconds = 300
	sasl.login.refresh.min.period.seconds = 60
	sasl.login.refresh.window.factor = 0.8
	sasl.login.refresh.window.jitter = 0.05
	sasl.login.retry.backoff.max.ms = 10000
	sasl.login.retry.backoff.ms = 100
	sasl.mechanism = GSSAPI
	sasl.oauthbearer.clock.skew.seconds = 30
	sasl.oauthbearer.expected.audience = null
	sasl.oauthbearer.expected.issuer = null
	sasl.oauthbearer.jwks.endpoint.refresh.ms = 3600000
	sasl.oauthbearer.jwks.endpoint.retry.backoff.max.ms = 10000
	sasl.oauthbearer.jwks.endpoint.retry.backoff.ms = 100
	sasl.oauthbearer.jwks.endpoint.url = null
	sasl.oauthbearer.scope.claim.name = scope
	sasl.oauthbearer.sub.claim.name = sub
	sasl.oauthbearer.token.endpoint.url = null
	security.protocol = PLAINTEXT
	security.providers = null
	send.buffer.bytes = 131072
	session.timeout.ms = 45000
	socket.connection.setup.timeout.max.ms = 30000
	socket.connection.setup.timeout.ms = 10000
	ssl.cipher.suites = null
	ssl.enabled.protocols = [TLSv1.2, TLSv1.3]
	ssl.endpoint.identification.algorithm = https
	ssl.engine.factory.class = null
	ssl.key.password = null
	ssl.keymanager.algorithm = SunX509
	ssl.keystore.certificate.chain = null
	ssl.keystore.key = null
	ssl.keystore.location = null
	ssl.keystore.password = null
	ssl.keystore.type = JKS
	ssl.protocol = TLSv1.3
	ssl.provider = null
	ssl.secure.random.implementation = null
	ssl.trustmanager.algorithm = PKIX
	ssl.truststore.certificates = null
	ssl.truststore.location = null
	ssl.truststore.password = null
	ssl.truststore.type = JKS
	value.deserializer = class org.apache.kafka.common.serialization.StringDeserializer

2023-08-22T11:49:45.357+03:00  INFO 51305 --- [           main] o.a.kafka.common.utils.AppInfoParser     : Kafka version: 3.4.1
2023-08-22T11:49:45.358+03:00  INFO 51305 --- [           main] o.a.kafka.common.utils.AppInfoParser     : Kafka commitId: 8a516edc2755df89
2023-08-22T11:49:45.358+03:00  INFO 51305 --- [           main] o.a.kafka.common.utils.AppInfoParser     : Kafka startTimeMs: 1692694185355
2023-08-22T11:49:45.362+03:00  INFO 51305 --- [           main] o.a.k.clients.consumer.KafkaConsumer     : [Consumer clientId=consumer-groupId-1, groupId=groupId] Subscribed to topic(s): project
2023-08-22T11:49:45.382+03:00  INFO 51305 --- [           main] c.e.p.repository.OrderRepositoryTest     : Started OrderRepositoryTest in 4.769 seconds (process running for 5.904)
2023-08-22T11:49:45.708+03:00  INFO 51305 --- [ntainer#0-0-C-1] org.apache.kafka.clients.NetworkClient   : [Consumer clientId=consumer-groupId-1, groupId=groupId] Node -1 disconnected.
2023-08-22T11:49:45.709+03:00  WARN 51305 --- [ntainer#0-0-C-1] org.apache.kafka.clients.NetworkClient   : [Consumer clientId=consumer-groupId-1, groupId=groupId] Connection to node -1 (localhost/127.0.0.1:9092) could not be established. Broker may not be available.
2023-08-22T11:49:45.710+03:00  WARN 51305 --- [ntainer#0-0-C-1] org.apache.kafka.clients.NetworkClient   : [Consumer clientId=consumer-groupId-1, groupId=groupId] Bootstrap broker localhost:9092 (id: -1 rack: null) disconnected
2023-08-22T11:49:45.809+03:00  INFO 51305 --- [ntainer#0-0-C-1] org.apache.kafka.clients.NetworkClient   : [Consumer clientId=consumer-groupId-1, groupId=groupId] Node -1 disconnected.
2023-08-22T11:49:45.809+03:00  WARN 51305 --- [ntainer#0-0-C-1] org.apache.kafka.clients.NetworkClient   : [Consumer clientId=consumer-groupId-1, groupId=groupId] Connection to node -1 (localhost/127.0.0.1:9092) could not be established. Broker may not be available.
2023-08-22T11:49:45.810+03:00  WARN 51305 --- [ntainer#0-0-C-1] org.apache.kafka.clients.NetworkClient   : [Consumer clientId=consumer-groupId-1, groupId=groupId] Bootstrap broker localhost:9092 (id: -1 rack: null) disconnected
2023-08-22T11:49:45.960+03:00  INFO 51305 --- [ntainer#0-0-C-1] org.apache.kafka.clients.NetworkClient   : [Consumer clientId=consumer-groupId-1, groupId=groupId] Node -1 disconnected.
2023-08-22T11:49:45.961+03:00  WARN 51305 --- [ntainer#0-0-C-1] org.apache.kafka.clients.NetworkClient   : [Consumer clientId=consumer-groupId-1, groupId=groupId] Connection to node -1 (localhost/127.0.0.1:9092) could not be established. Broker may not be available.
2023-08-22T11:49:45.961+03:00  WARN 51305 --- [ntainer#0-0-C-1] org.apache.kafka.clients.NetworkClient   : [Consumer clientId=consumer-groupId-1, groupId=groupId] Bootstrap broker localhost:9092 (id: -1 rack: null) disconnected
Hibernate: 
    select
        next value for order_seq
Hibernate: 
    insert 
    into
        
    order (amount,created_at,last_updated_at,status,user_id,id) 
values
    (?,?,?,?,?,?)
2023-08-22T11:49:46.163+03:00  INFO 51305 --- [ntainer#0-0-C-1] org.apache.kafka.clients.NetworkClient   : [Consumer clientId=consumer-groupId-1, groupId=groupId] Node -1 disconnected.
2023-08-22T11:49:46.163+03:00  WARN 51305 --- [ntainer#0-0-C-1] org.apache.kafka.clients.NetworkClient   : [Consumer clientId=consumer-groupId-1, groupId=groupId] Connection to node -1 (localhost/127.0.0.1:9092) could not be established. Broker may not be available.
2023-08-22T11:49:46.163+03:00  WARN 51305 --- [ntainer#0-0-C-1] org.apache.kafka.clients.NetworkClient   : [Consumer clientId=consumer-groupId-1, groupId=groupId] Bootstrap broker localhost:9092 (id: -1 rack: null) disconnected
Hibernate: 
    select
        next value for order_seq
Hibernate: 
    insert 
    into
        
    order (amount,created_at,last_updated_at,status,user_id,id) 
values
    (?,?,?,?,?,?)
Hibernate: 
    select
        o1_0.id,
        o1_0.amount,
        o1_0.created_at,
        o1_0.last_updated_at,
        o1_0.status,
        o1_0.user_id 
    from
        
    order o1_0
]]></system-out>
  </testcase>
  <testcase name="testFindById" classname="com.example.project1.repository.OrderRepositoryTest" time="0.022">
    <system-out><![CDATA[Hibernate: 
    insert 
    into
        
    order (amount,created_at,last_updated_at,status,user_id,id) 
values
    (?,?,?,?,?,?)
Hibernate: 
    select
        o1_0.id,
        o1_0.amount,
        o1_0.created_at,
        o1_0.last_updated_at,
        o1_0.status,
        o1_0.user_id 
    from
        
    order o1_0 where
        o1_0.id=?
]]></system-out>
  </testcase>
  <testcase name="testDeleteById" classname="com.example.project1.repository.OrderRepositoryTest" time="0.335">
    <system-out><![CDATA[Hibernate: 
    insert 
    into
        
    order (amount,created_at,last_updated_at,status,user_id,id) 
values
    (?,?,?,?,?,?)
Hibernate: 
    select
        o1_0.id,
        o1_0.amount,
        o1_0.created_at,
        o1_0.last_updated_at,
        o1_0.status,
        o1_0.user_id 
    from
        
    order o1_0 where
        o1_0.id=?
Hibernate: 
    select
        o1_0.id,
        o1_0.amount,
        o1_0.created_at,
        o1_0.last_updated_at,
        o1_0.status,
        o1_0.user_id 
    from
        
    order o1_0 where
        o1_0.id=?
Hibernate: 
    delete 
    from
        
    order where
        id=?
2023-08-22T11:49:46.569+03:00  INFO 51305 --- [ntainer#0-0-C-1] org.apache.kafka.clients.NetworkClient   : [Consumer clientId=consumer-groupId-1, groupId=groupId] Node -1 disconnected.
2023-08-22T11:49:46.570+03:00  WARN 51305 --- [ntainer#0-0-C-1] org.apache.kafka.clients.NetworkClient   : [Consumer clientId=consumer-groupId-1, groupId=groupId] Connection to node -1 (localhost/127.0.0.1:9092) could not be established. Broker may not be available.
2023-08-22T11:49:46.570+03:00  WARN 51305 --- [ntainer#0-0-C-1] org.apache.kafka.clients.NetworkClient   : [Consumer clientId=consumer-groupId-1, groupId=groupId] Bootstrap broker localhost:9092 (id: -1 rack: null) disconnected
Hibernate: 
    select
        count(*) 
    from
        
    order o1_0 where
        o1_0.id=?
]]></system-out>
  </testcase>
</testsuite>